EXEC: Creating PIPE program process : '/opt/HPCCSystems/8.0.20/clienttools/bin/eclcc -E "./ecl/DEDUP_Example.ecl"' - hasinput=0, hasoutput=1 stderrbufsize=0
EXEC: Pipe: process 94316 complete 0
jsocket(9,2555) shutdown err = 57 : C!:63866 -> 40.88.221.36:8010 (3)
Using eclcc path /opt/HPCCSystems/8.0.20/clienttools/bin/eclcc

Deploying ECL Archive ./ecl/DEDUP_Example.ecl

Deployed
   wuid: W20210616-162718
   state: compiled

Running deployed workunit W20210616-162718
<Result>
<Dataset name='Result 1'>
 <Row><value1>A</value1><value2>X</value2></Row>
 <Row><value1>B</value1><value2>G</value2></Row>
 <Row><value1>C</value1><value2>G</value2></Row>
</Dataset>
<Dataset name='Result 2'>
 <Row><value1>A</value1><value2>B</value2></Row>
 <Row><value1>C</value1><value2>C</value2></Row>
 <Row><value1>C</value1><value2>G</value2></Row>
 <Row><value1>A</value1><value2>X</value2></Row>
</Dataset>
<Dataset name='Result 3'>
 <Row><value1>A</value1><value2>B</value2></Row>
 <Row><value1>B</value1><value2>G</value2></Row>
 <Row><value1>C</value1><value2>C</value2></Row>
</Dataset>
<Dataset name='Result 4'>
 <Row><value1>A</value1><value2>B</value2></Row>
 <Row><value1>C</value1><value2>C</value2></Row>
 <Row><value1>B</value1><value2>G</value2></Row>
 <Row><value1>A</value1><value2>X</value2></Row>
</Dataset>
</Result>
