EXEC: Creating PIPE program process : '/opt/HPCCSystems/8.0.20/clienttools/bin/eclcc -E "./ecl/DENORMALIZE_Example.ecl"' - hasinput=0, hasoutput=1 stderrbufsize=0
EXEC: Pipe: process 94374 complete 0
jsocket(9,2555) shutdown err = 57 : C!:63869 -> 40.88.221.36:8010 (3)
Using eclcc path /opt/HPCCSystems/8.0.20/clienttools/bin/eclcc

Deploying ECL Archive ./ecl/DENORMALIZE_Example.ecl

Deployed
   wuid: W20210616-162738
   state: compiled

Running deployed workunit W20210616-162738
<Result>
<Dataset name='ParentDataReady'>
 <Row><value1>C</value1><value2>A</value2><cval2_1> </cval2_1><cval2_2> </cval2_2></Row>
 <Row><value1>B</value1><value2>B</value2><cval2_1> </cval2_1><cval2_2> </cval2_2></Row>
 <Row><value1>A</value1><value2>C</value2><cval2_1> </cval2_1><cval2_2> </cval2_2></Row>
</Dataset>
<Dataset name='NestedChildDataset'>
 <Row><value1>A</value1><value2>C</value2><cval2_1>Z</cval2_1><cval2_2>T</cval2_2></Row>
 <Row><value1>B</value1><value2>B</value2><cval2_1>S</cval2_1><cval2_2>Y</cval2_2></Row>
 <Row><value1>C</value1><value2>A</value2><cval2_1>X</cval2_1><cval2_2>W</cval2_2></Row>
</Dataset>
</Result>
